<testng-results>
  <reporter-output>
  </reporter-output>
  <suite name="Command line suite" duration-ms="47" started-at="2010-12-04T20:15:45Z" finished-at="2010-12-04T20:15:45Z">
    <groups>
    </groups>
    <test name="Command line test" duration-ms="47" started-at="2010-12-04T20:15:45Z" finished-at="2010-12-04T20:15:45Z">
      <class name="net.rallyedu.Crapout.HardwayTest">
        <test-method status="PASS" signature="testGetReply()" name="testGetReply" duration-ms="1" started-at="2010-12-04T20:15:45Z" finished-at="2010-12-04T20:15:45Z">
        </test-method>
      </class>
      <class name="net.rallyedu.Crapout.DontComeTest">
        <test-method status="PASS" signature="test()" name="test" duration-ms="2" started-at="2010-12-04T20:15:45Z" finished-at="2010-12-04T20:15:45Z">
        </test-method>
      </class>
      <class name="net.rallyedu.Crapout.ComeTest">
        <test-method status="PASS" signature="test()" name="test" duration-ms="22" started-at="2010-12-04T20:15:45Z" finished-at="2010-12-04T20:15:45Z">
        </test-method>
      </class>
      <class name="net.rallyedu.Crapout.FieldTest">
        <test-method status="PASS" signature="testGetReply()" name="testGetReply" duration-ms="1" started-at="2010-12-04T20:15:45Z" finished-at="2010-12-04T20:15:45Z">
        </test-method>
      </class>
      <class name="net.rallyedu.Crapout.PassLineTest">
        <test-method status="PASS" signature="test()" name="test" duration-ms="1" started-at="2010-12-04T20:15:45Z" finished-at="2010-12-04T20:15:45Z">
        </test-method>
      </class>
      <class name="net.rallyedu.Crapout.DontPassLineTest">
        <test-method status="PASS" signature="test()" name="test" duration-ms="3" started-at="2010-12-04T20:15:45Z" finished-at="2010-12-04T20:15:45Z">
        </test-method>
      </class>
    </test>
  </suite>
</testng-results>
