<?xml version="1.0" encoding="UTF-8"?>
<testsuite name="Command line test" failures="0" tests="6" time="0.047" errors="0">
  <properties/>
  <testcase name="test" time="0.022" classname="net.rallyedu.Crapout.ComeTest"/>
  <testcase name="test" time="0.0020" classname="net.rallyedu.Crapout.DontComeTest"/>
  <testcase name="test" time="0.0030" classname="net.rallyedu.Crapout.DontPassLineTest"/>
  <testcase name="testGetReply" time="0.0010" classname="net.rallyedu.Crapout.FieldTest"/>
  <testcase name="testGetReply" time="0.0010" classname="net.rallyedu.Crapout.HardwayTest"/>
  <testcase name="test" time="0.0010" classname="net.rallyedu.Crapout.PassLineTest"/>
</testsuite>
